JUnit version 4.13.2
..E
Time: 0.004
There was 1 failure:
1) failTest(TestListExamples)
java.lang.AssertionError: expected:<5> but was:<2>
	at org.junit.Assert.fail(Assert.java:89)
	at org.junit.Assert.failNotEquals(Assert.java:835)
	at org.junit.Assert.assertEquals(Assert.java:647)
	at org.junit.Assert.assertEquals(Assert.java:633)
	at TestListExamples.failTest(TestListExamples.java:33)

FAILURES!!!
Tests run: 2,  Failures: 1

